[master b5ed0f3] Auto-commit: 2025-10-22 21:00:01
 18 files changed, 1102 insertions(+), 1406 deletions(-)
 delete mode 100644 .obsidian/plugins/obsidian-git/main.js
 delete mode 100644 .obsidian/plugins/obsidian-git/manifest.json
 delete mode 100755 .obsidian/plugins/obsidian-git/obsidian_askpass.sh
 delete mode 100644 .obsidian/plugins/obsidian-git/styles.css
 create mode 100644 Photos/Pasted image 20251017122129.png
 create mode 100644 Photos/Pasted image 20251017141708.png
 create mode 100644 Photos/Pasted image 20251017142345.png
 create mode 100644 Photos/Pasted image 20251017144445.png
 delete mode 100644 Untitled.md
 create mode 100644 auto-git-push.log
 create mode 100755 auto-git-push.sh
To https://github.com/vivekup3424/lanrouj
   e4b6784..b5ed0f3  master -> master
Changes committed and pushed at 2025-10-22 21:00:02
[master c50450e] Auto-commit: 2025-10-22 21:10:01
 2 files changed, 22 insertions(+), 5 deletions(-)
To https://github.com/vivekup3424/lanrouj
   b5ed0f3..c50450e  master -> master
Changes committed and pushed at 2025-10-22 21:10:02
[master 1ba8a5d] Auto-commit: 2025-10-22 21:20:01
 1 file changed, 5 insertions(+)
To https://github.com/vivekup3424/lanrouj
   c50450e..1ba8a5d  master -> master
Changes committed and pushed at 2025-10-22 21:20:02
[master eac9fc2] Auto-commit: 2025-10-22 21:30:01
 1 file changed, 5 insertions(+)
To https://github.com/vivekup3424/lanrouj
   1ba8a5d..eac9fc2  master -> master
Changes committed and pushed at 2025-10-22 21:30:03
